[debug] [2025-06-18T18:07:33.177Z] ----------------------------------------------------------------------
[debug] [2025-06-18T18:07:33.180Z] Command:       /home/moonwalker/.nvm/versions/node/v22.16.0/bin/node /home/moonwalker/.nvm/versions/node/v22.16.0/bin/firebase init
[debug] [2025-06-18T18:07:33.181Z] CLI Version:   14.7.0
[debug] [2025-06-18T18:07:33.181Z] Platform:      linux
[debug] [2025-06-18T18:07:33.181Z] Node Version:  v22.16.0
[debug] [2025-06-18T18:07:33.182Z] Time:          Wed Jun 18 2025 13:07:33 GMT-0500 (Central Daylight Time)
[debug] [2025-06-18T18:07:33.182Z] ----------------------------------------------------------------------
[debug] 
[debug] [2025-06-18T18:07:33.509Z] > command requires scopes: ["email","openid","https://www.googleapis.com/auth/cloudplatformprojects.readonly","https://www.googleapis.com/auth/firebase","https://www.googleapis.com/auth/cloud-platform"]
[debug] [2025-06-18T18:07:33.510Z] > authorizing via signed-in user (rachael.bradford@atlasschool.com)
[info] 
     ######## #### ########  ######## ########     ###     ######  ########
     ##        ##  ##     ## ##       ##     ##  ##   ##  ##       ##
     ######    ##  ########  ######   ########  #########  ######  ######
     ##        ##  ##    ##  ##       ##     ## ##     ##       ## ##
     ##       #### ##     ## ######## ########  ##     ##  ######  ########

You're about to initialize a Firebase project in this directory:

  /home/moonwalker/nextjsApp/vyspro/vys-pro

Before we get started, keep in mind:

  * You are initializing within an existing Firebase project directory

[info] 
=== Project Setup
[info] 
[info] First, let's associate this project directory with a Firebase project.
[info] You can create multiple project aliases by running firebase use --add, 
[info] but for now we'll just set up a default project.
[info] 
[debug] [2025-06-18T18:07:45.339Z] Using project from CLI flag: vys-app-4f9fe
[debug] [2025-06-18T18:07:45.341Z] Checked if tokens are valid: true, expires at: 1750272049579
[debug] [2025-06-18T18:07:45.341Z] Checked if tokens are valid: true, expires at: 1750272049579
[debug] [2025-06-18T18:07:45.343Z] >>> [apiv2][query] GET https://firebase.googleapis.com/v1beta1/projects/vys-app-4f9fe [none]
[debug] [2025-06-18T18:07:45.627Z] <<< [apiv2][status] GET https://firebase.googleapis.com/v1beta1/projects/vys-app-4f9fe 200
[debug] [2025-06-18T18:07:45.627Z] <<< [apiv2][body] GET https://firebase.googleapis.com/v1beta1/projects/vys-app-4f9fe {"projectId":"vys-app-4f9fe","projectNumber":"523956235954","displayName":"vys-app","name":"projects/vys-app-4f9fe","resources":{"hostingSite":"vys-app-4f9fe"},"state":"ACTIVE","etag":"1_f2a413b6-4c03-4105-9418-ba3e1052db4d"}
[info] i  Using project vys-app-4f9fe (vys-app) 
[info] 
=== Storage Setup
[info] 
[info] Firebase Storage Security Rules allow you to define how and when to allow
[info] uploads and downloads. You can keep these rules in your project directory
[info] and publish them with firebase deploy.
[info] 
[info] ✔  Wrote storage.rules 
[info] 
=== Emulators Setup
[info] i  apphosting: Initializing Emulator {"metadata":{"emulator":{"name":"apphosting"},"message":"Initializing Emulator"}}
[info] i  database: downloading firebase-database-emulator-v4.11.2.jar... {"metadata":{"emulator":{"name":"database"},"message":"downloading firebase-database-emulator-v4.11.2.jar..."}}
[debug] [2025-06-18T18:08:48.783Z] >>> [apiv2][query] GET https://storage.googleapis.com/firebase-preview-drop/emulator/firebase-database-emulator-v4.11.2.jar 
[debug] [2025-06-18T18:08:48.954Z] <<< [apiv2][status] GET https://storage.googleapis.com/firebase-preview-drop/emulator/firebase-database-emulator-v4.11.2.jar 200
[debug] [2025-06-18T18:08:48.954Z] <<< [apiv2][body] GET https://storage.googleapis.com/firebase-preview-drop/emulator/firebase-database-emulator-v4.11.2.jar [stream]
[info] i  ui: downloading ui-v1.15.0.zip... {"metadata":{"emulator":{"name":"ui"},"message":"downloading ui-v1.15.0.zip..."}}
[debug] [2025-06-18T18:08:50.077Z] >>> [apiv2][query] GET https://storage.googleapis.com/firebase-preview-drop/emulator/ui-v1.15.0.zip 
[info] 
=== Remoteconfig Setup
[debug] [2025-06-18T18:08:50.230Z] <<< [apiv2][status] GET https://storage.googleapis.com/firebase-preview-drop/emulator/ui-v1.15.0.zip 200
[debug] [2025-06-18T18:08:50.230Z] <<< [apiv2][body] GET https://storage.googleapis.com/firebase-preview-drop/emulator/ui-v1.15.0.zip [stream]
[debug] [2025-06-18T18:08:50.302Z] Data is 3538469
[debug] [2025-06-18T18:08:50.378Z] [unzip] Entry: client/ (compressed_size=0 bytes, uncompressed_size=0 bytes)
[debug] [2025-06-18T18:08:50.378Z] [unzip] Processing entry: client/
[debug] [2025-06-18T18:08:50.378Z] [unzip] mkdir: /home/moonwalker/.cache/firebase/emulators/ui-v1.15.0/client/
[debug] [2025-06-18T18:08:50.380Z] [unzip] Entry: client/favicon-16x16.png (compressed_size=293 bytes, uncompressed_size=293 bytes)
[debug] [2025-06-18T18:08:50.380Z] [unzip] Processing entry: client/favicon-16x16.png
[debug] [2025-06-18T18:08:50.380Z] [unzip] else mkdir: /home/moonwalker/.cache/firebase/emulators/ui-v1.15.0/client
[debug] [2025-06-18T18:08:50.381Z] [unzip] Writing file: /home/moonwalker/.cache/firebase/emulators/ui-v1.15.0/client/favicon-16x16.png
[debug] [2025-06-18T18:08:50.382Z] [unzip] Entry: client/safari-pinned-tab.svg (compressed_size=1433 bytes, uncompressed_size=2611 bytes)
[debug] [2025-06-18T18:08:50.382Z] [unzip] Processing entry: client/safari-pinned-tab.svg
[debug] [2025-06-18T18:08:50.382Z] [unzip] else mkdir: /home/moonwalker/.cache/firebase/emulators/ui-v1.15.0/client
[debug] [2025-06-18T18:08:50.382Z] [unzip] deflating: /home/moonwalker/.cache/firebase/emulators/ui-v1.15.0/client/safari-pinned-tab.svg
[debug] [2025-06-18T18:08:50.418Z] [unzip] Entry: client/favicon.ico (compressed_size=2933 bytes, uncompressed_size=13294 bytes)
[debug] [2025-06-18T18:08:50.418Z] [unzip] Processing entry: client/favicon.ico
[debug] [2025-06-18T18:08:50.418Z] [unzip] else mkdir: /home/moonwalker/.cache/firebase/emulators/ui-v1.15.0/client
[debug] [2025-06-18T18:08:50.418Z] [unzip] deflating: /home/moonwalker/.cache/firebase/emulators/ui-v1.15.0/client/favicon.ico
[debug] [2025-06-18T18:08:50.421Z] [unzip] Entry: client/index.html (compressed_size=1364 bytes, uncompressed_size=3071 bytes)
[debug] [2025-06-18T18:08:50.421Z] [unzip] Processing entry: client/index.html
[debug] [2025-06-18T18:08:50.421Z] [unzip] else mkdir: /home/moonwalker/.cache/firebase/emulators/ui-v1.15.0/client
[debug] [2025-06-18T18:08:50.422Z] [unzip] deflating: /home/moonwalker/.cache/firebase/emulators/ui-v1.15.0/client/index.html
[debug] [2025-06-18T18:08:50.424Z] [unzip] Entry: client/android-chrome-192x192.png (compressed_size=2684 bytes, uncompressed_size=2684 bytes)
[debug] [2025-06-18T18:08:50.424Z] [unzip] Processing entry: client/android-chrome-192x192.png
[debug] [2025-06-18T18:08:50.424Z] [unzip] else mkdir: /home/moonwalker/.cache/firebase/emulators/ui-v1.15.0/client
[debug] [2025-06-18T18:08:50.424Z] [unzip] Writing file: /home/moonwalker/.cache/firebase/emulators/ui-v1.15.0/client/android-chrome-192x192.png
[debug] [2025-06-18T18:08:50.425Z] [unzip] Entry: client/apple-touch-icon.png (compressed_size=2123 bytes, uncompressed_size=2152 bytes)
[debug] [2025-06-18T18:08:50.425Z] [unzip] Processing entry: client/apple-touch-icon.png
[debug] [2025-06-18T18:08:50.425Z] [unzip] else mkdir: /home/moonwalker/.cache/firebase/emulators/ui-v1.15.0/client
[debug] [2025-06-18T18:08:50.426Z] [unzip] deflating: /home/moonwalker/.cache/firebase/emulators/ui-v1.15.0/client/apple-touch-icon.png
[debug] [2025-06-18T18:08:50.427Z] [unzip] Entry: client/android-chrome-512x512.png (compressed_size=5369 bytes, uncompressed_size=5411 bytes)
[debug] [2025-06-18T18:08:50.427Z] [unzip] Processing entry: client/android-chrome-512x512.png
[debug] [2025-06-18T18:08:50.428Z] [unzip] else mkdir: /home/moonwalker/.cache/firebase/emulators/ui-v1.15.0/client
[debug] [2025-06-18T18:08:50.428Z] [unzip] deflating: /home/moonwalker/.cache/firebase/emulators/ui-v1.15.0/client/android-chrome-512x512.png
[debug] [2025-06-18T18:08:50.430Z] [unzip] Entry: client/manifest.json (compressed_size=245 bytes, uncompressed_size=551 bytes)
[debug] [2025-06-18T18:08:50.430Z] [unzip] Processing entry: client/manifest.json
[debug] [2025-06-18T18:08:50.430Z] [unzip] else mkdir: /home/moonwalker/.cache/firebase/emulators/ui-v1.15.0/client
[debug] [2025-06-18T18:08:50.430Z] [unzip] deflating: /home/moonwalker/.cache/firebase/emulators/ui-v1.15.0/client/manifest.json
[debug] [2025-06-18T18:08:50.432Z] [unzip] Entry: client/robots.txt (compressed_size=26 bytes, uncompressed_size=26 bytes)
[debug] [2025-06-18T18:08:50.432Z] [unzip] Processing entry: client/robots.txt
[debug] [2025-06-18T18:08:50.432Z] [unzip] else mkdir: /home/moonwalker/.cache/firebase/emulators/ui-v1.15.0/client
[debug] [2025-06-18T18:08:50.433Z] [unzip] Writing file: /home/moonwalker/.cache/firebase/emulators/ui-v1.15.0/client/robots.txt
[debug] [2025-06-18T18:08:50.433Z] [unzip] Entry: client/mstile-150x150.png (compressed_size=2034 bytes, uncompressed_size=2034 bytes)
[debug] [2025-06-18T18:08:50.434Z] [unzip] Processing entry: client/mstile-150x150.png
[debug] [2025-06-18T18:08:50.434Z] [unzip] else mkdir: /home/moonwalker/.cache/firebase/emulators/ui-v1.15.0/client
[debug] [2025-06-18T18:08:50.434Z] [unzip] Writing file: /home/moonwalker/.cache/firebase/emulators/ui-v1.15.0/client/mstile-150x150.png
[debug] [2025-06-18T18:08:50.435Z] [unzip] Entry: client/assets/ (compressed_size=0 bytes, uncompressed_size=0 bytes)
[debug] [2025-06-18T18:08:50.435Z] [unzip] Processing entry: client/assets/
[debug] [2025-06-18T18:08:50.435Z] [unzip] mkdir: /home/moonwalker/.cache/firebase/emulators/ui-v1.15.0/client/assets/
[debug] [2025-06-18T18:08:50.435Z] [unzip] Entry: client/assets/index-BX-A56oj.js (compressed_size=582089 bytes, uncompressed_size=2092775 bytes)
[debug] [2025-06-18T18:08:50.435Z] [unzip] Processing entry: client/assets/index-BX-A56oj.js
[debug] [2025-06-18T18:08:50.436Z] [unzip] else mkdir: /home/moonwalker/.cache/firebase/emulators/ui-v1.15.0/client/assets
[debug] [2025-06-18T18:08:50.436Z] [unzip] deflating: /home/moonwalker/.cache/firebase/emulators/ui-v1.15.0/client/assets/index-BX-A56oj.js
[debug] [2025-06-18T18:08:50.465Z] [unzip] Entry: client/assets/index-CjB9C900.css (compressed_size=35979 bytes, uncompressed_size=298654 bytes)
[debug] [2025-06-18T18:08:50.465Z] [unzip] Processing entry: client/assets/index-CjB9C900.css
[debug] [2025-06-18T18:08:50.465Z] [unzip] else mkdir: /home/moonwalker/.cache/firebase/emulators/ui-v1.15.0/client/assets
[debug] [2025-06-18T18:08:50.465Z] [unzip] deflating: /home/moonwalker/.cache/firebase/emulators/ui-v1.15.0/client/assets/index-CjB9C900.css
[debug] [2025-06-18T18:08:50.470Z] [unzip] Entry: client/assets/index-BX-A56oj.js.map (compressed_size=2362482 bytes, uncompressed_size=10036679 bytes)
[debug] [2025-06-18T18:08:50.470Z] [unzip] Processing entry: client/assets/index-BX-A56oj.js.map
[debug] [2025-06-18T18:08:50.470Z] [unzip] else mkdir: /home/moonwalker/.cache/firebase/emulators/ui-v1.15.0/client/assets
[debug] [2025-06-18T18:08:50.471Z] [unzip] deflating: /home/moonwalker/.cache/firebase/emulators/ui-v1.15.0/client/assets/index-BX-A56oj.js.map
[debug] [2025-06-18T18:08:50.570Z] [unzip] Entry: client/assets/extensions/ (compressed_size=0 bytes, uncompressed_size=0 bytes)
[debug] [2025-06-18T18:08:50.570Z] [unzip] Processing entry: client/assets/extensions/
[debug] [2025-06-18T18:08:50.570Z] [unzip] mkdir: /home/moonwalker/.cache/firebase/emulators/ui-v1.15.0/client/assets/extensions/
[debug] [2025-06-18T18:08:50.571Z] [unzip] Entry: client/assets/extensions/default-extension.png (compressed_size=1646 bytes, uncompressed_size=1657 bytes)
[debug] [2025-06-18T18:08:50.571Z] [unzip] Processing entry: client/assets/extensions/default-extension.png
[debug] [2025-06-18T18:08:50.571Z] [unzip] else mkdir: /home/moonwalker/.cache/firebase/emulators/ui-v1.15.0/client/assets/extensions
[debug] [2025-06-18T18:08:50.590Z] [unzip] deflating: /home/moonwalker/.cache/firebase/emulators/ui-v1.15.0/client/assets/extensions/default-extension.png
[debug] [2025-06-18T18:08:50.600Z] [unzip] Entry: client/assets/img/ (compressed_size=0 bytes, uncompressed_size=0 bytes)
[debug] [2025-06-18T18:08:50.600Z] [unzip] Processing entry: client/assets/img/
[debug] [2025-06-18T18:08:50.601Z] [unzip] mkdir: /home/moonwalker/.cache/firebase/emulators/ui-v1.15.0/client/assets/img/
[debug] [2025-06-18T18:08:50.604Z] [unzip] Entry: client/assets/img/database.png (compressed_size=29449 bytes, uncompressed_size=29988 bytes)
[debug] [2025-06-18T18:08:50.604Z] [unzip] Processing entry: client/assets/img/database.png
[debug] [2025-06-18T18:08:50.604Z] [unzip] else mkdir: /home/moonwalker/.cache/firebase/emulators/ui-v1.15.0/client/assets/img
[debug] [2025-06-18T18:08:50.605Z] [unzip] deflating: /home/moonwalker/.cache/firebase/emulators/ui-v1.15.0/client/assets/img/database.png
[debug] [2025-06-18T18:08:50.607Z] [unzip] Entry: client/assets/provider-icons/ (compressed_size=0 bytes, uncompressed_size=0 bytes)
[debug] [2025-06-18T18:08:50.608Z] [unzip] Processing entry: client/assets/provider-icons/
[debug] [2025-06-18T18:08:50.608Z] [unzip] mkdir: /home/moonwalker/.cache/firebase/emulators/ui-v1.15.0/client/assets/provider-icons/
[debug] [2025-06-18T18:08:50.608Z] [unzip] Entry: client/assets/provider-icons/auth_service_saml.svg (compressed_size=575 bytes, uncompressed_size=1226 bytes)
[debug] [2025-06-18T18:08:50.608Z] [unzip] Processing entry: client/assets/provider-icons/auth_service_saml.svg
[debug] [2025-06-18T18:08:50.608Z] [unzip] else mkdir: /home/moonwalker/.cache/firebase/emulators/ui-v1.15.0/client/assets/provider-icons
[debug] [2025-06-18T18:08:50.609Z] [unzip] deflating: /home/moonwalker/.cache/firebase/emulators/ui-v1.15.0/client/assets/provider-icons/auth_service_saml.svg
[debug] [2025-06-18T18:08:50.610Z] [unzip] Entry: client/assets/provider-icons/auth_service_phone.svg (compressed_size=261 bytes, uncompressed_size=414 bytes)
[debug] [2025-06-18T18:08:50.610Z] [unzip] Processing entry: client/assets/provider-icons/auth_service_phone.svg
[debug] [2025-06-18T18:08:50.610Z] [unzip] else mkdir: /home/moonwalker/.cache/firebase/emulators/ui-v1.15.0/client/assets/provider-icons
[debug] [2025-06-18T18:08:50.611Z] [unzip] deflating: /home/moonwalker/.cache/firebase/emulators/ui-v1.15.0/client/assets/provider-icons/auth_service_phone.svg
[debug] [2025-06-18T18:08:50.612Z] [unzip] Entry: client/assets/provider-icons/auth_service_facebook.svg (compressed_size=289 bytes, uncompressed_size=457 bytes)
[debug] [2025-06-18T18:08:50.612Z] [unzip] Processing entry: client/assets/provider-icons/auth_service_facebook.svg
[debug] [2025-06-18T18:08:50.612Z] [unzip] else mkdir: /home/moonwalker/.cache/firebase/emulators/ui-v1.15.0/client/assets/provider-icons
[debug] [2025-06-18T18:08:50.612Z] [unzip] deflating: /home/moonwalker/.cache/firebase/emulators/ui-v1.15.0/client/assets/provider-icons/auth_service_facebook.svg
[debug] [2025-06-18T18:08:50.614Z] [unzip] Entry: client/assets/provider-icons/auth_service_game_center.svg (compressed_size=991 bytes, uncompressed_size=3921 bytes)
[debug] [2025-06-18T18:08:50.614Z] [unzip] Processing entry: client/assets/provider-icons/auth_service_game_center.svg
[debug] [2025-06-18T18:08:50.614Z] [unzip] else mkdir: /home/moonwalker/.cache/firebase/emulators/ui-v1.15.0/client/assets/provider-icons
[debug] [2025-06-18T18:08:50.614Z] [unzip] deflating: /home/moonwalker/.cache/firebase/emulators/ui-v1.15.0/client/assets/provider-icons/auth_service_game_center.svg
[debug] [2025-06-18T18:08:50.615Z] [unzip] Entry: client/assets/provider-icons/auth_service_apple.svg (compressed_size=230 bytes, uncompressed_size=334 bytes)
[debug] [2025-06-18T18:08:50.615Z] [unzip] Processing entry: client/assets/provider-icons/auth_service_apple.svg
[debug] [2025-06-18T18:08:50.615Z] [unzip] else mkdir: /home/moonwalker/.cache/firebase/emulators/ui-v1.15.0/client/assets/provider-icons
[debug] [2025-06-18T18:08:50.616Z] [unzip] deflating: /home/moonwalker/.cache/firebase/emulators/ui-v1.15.0/client/assets/provider-icons/auth_service_apple.svg
[debug] [2025-06-18T18:08:50.617Z] [unzip] Entry: client/assets/provider-icons/auth_service_github.svg (compressed_size=466 bytes, uncompressed_size=838 bytes)
[debug] [2025-06-18T18:08:50.617Z] [unzip] Processing entry: client/assets/provider-icons/auth_service_github.svg
[debug] [2025-06-18T18:08:50.617Z] [unzip] else mkdir: /home/moonwalker/.cache/firebase/emulators/ui-v1.15.0/client/assets/provider-icons
[debug] [2025-06-18T18:08:50.618Z] [unzip] deflating: /home/moonwalker/.cache/firebase/emulators/ui-v1.15.0/client/assets/provider-icons/auth_service_github.svg
[debug] [2025-06-18T18:08:50.619Z] [unzip] Entry: client/assets/provider-icons/auth_service_mslive.svg (compressed_size=203 bytes, uncompressed_size=378 bytes)
[debug] [2025-06-18T18:08:50.619Z] [unzip] Processing entry: client/assets/provider-icons/auth_service_mslive.svg
[debug] [2025-06-18T18:08:50.619Z] [unzip] else mkdir: /home/moonwalker/.cache/firebase/emulators/ui-v1.15.0/client/assets/provider-icons
[debug] [2025-06-18T18:08:50.619Z] [unzip] deflating: /home/moonwalker/.cache/firebase/emulators/ui-v1.15.0/client/assets/provider-icons/auth_service_mslive.svg
[debug] [2025-06-18T18:08:50.620Z] [unzip] Entry: client/assets/provider-icons/auth_service_yahoo.svg (compressed_size=577 bytes, uncompressed_size=1182 bytes)
[debug] [2025-06-18T18:08:50.620Z] [unzip] Processing entry: client/assets/provider-icons/auth_service_yahoo.svg
[debug] [2025-06-18T18:08:50.621Z] [unzip] else mkdir: /home/moonwalker/.cache/firebase/emulators/ui-v1.15.0/client/assets/provider-icons
[debug] [2025-06-18T18:08:50.621Z] [unzip] deflating: /home/moonwalker/.cache/firebase/emulators/ui-v1.15.0/client/assets/provider-icons/auth_service_yahoo.svg
[debug] [2025-06-18T18:08:50.622Z] [unzip] Entry: client/assets/provider-icons/auth_service_twitter.svg (compressed_size=444 bytes, uncompressed_size=751 bytes)
[debug] [2025-06-18T18:08:50.622Z] [unzip] Processing entry: client/assets/provider-icons/auth_service_twitter.svg
[debug] [2025-06-18T18:08:50.622Z] [unzip] else mkdir: /home/moonwalker/.cache/firebase/emulators/ui-v1.15.0/client/assets/provider-icons
[debug] [2025-06-18T18:08:50.623Z] [unzip] deflating: /home/moonwalker/.cache/firebase/emulators/ui-v1.15.0/client/assets/provider-icons/auth_service_twitter.svg
[debug] [2025-06-18T18:08:50.624Z] [unzip] Entry: client/assets/provider-icons/auth_service_play_games.svg (compressed_size=565 bytes, uncompressed_size=1173 bytes)
[debug] [2025-06-18T18:08:50.624Z] [unzip] Processing entry: client/assets/provider-icons/auth_service_play_games.svg
[debug] [2025-06-18T18:08:50.624Z] [unzip] else mkdir: /home/moonwalker/.cache/firebase/emulators/ui-v1.15.0/client/assets/provider-icons
[debug] [2025-06-18T18:08:50.625Z] [unzip] deflating: /home/moonwalker/.cache/firebase/emulators/ui-v1.15.0/client/assets/provider-icons/auth_service_play_games.svg
[debug] [2025-06-18T18:08:50.626Z] [unzip] Entry: client/assets/provider-icons/auth_service_email.svg (compressed_size=228 bytes, uncompressed_size=326 bytes)
[debug] [2025-06-18T18:08:50.626Z] [unzip] Processing entry: client/assets/provider-icons/auth_service_email.svg
[debug] [2025-06-18T18:08:50.626Z] [unzip] else mkdir: /home/moonwalker/.cache/firebase/emulators/ui-v1.15.0/client/assets/provider-icons
[debug] [2025-06-18T18:08:50.626Z] [unzip] deflating: /home/moonwalker/.cache/firebase/emulators/ui-v1.15.0/client/assets/provider-icons/auth_service_email.svg
[debug] [2025-06-18T18:08:50.627Z] [unzip] Entry: client/assets/provider-icons/auth_service_google.svg (compressed_size=409 bytes, uncompressed_size=720 bytes)
[debug] [2025-06-18T18:08:50.628Z] [unzip] Processing entry: client/assets/provider-icons/auth_service_google.svg
[debug] [2025-06-18T18:08:50.628Z] [unzip] else mkdir: /home/moonwalker/.cache/firebase/emulators/ui-v1.15.0/client/assets/provider-icons
[debug] [2025-06-18T18:08:50.628Z] [unzip] deflating: /home/moonwalker/.cache/firebase/emulators/ui-v1.15.0/client/assets/provider-icons/auth_service_google.svg
[debug] [2025-06-18T18:08:50.629Z] [unzip] Entry: client/assets/provider-icons/auth_service_oidc.svg (compressed_size=414 bytes, uncompressed_size=858 bytes)
[debug] [2025-06-18T18:08:50.629Z] [unzip] Processing entry: client/assets/provider-icons/auth_service_oidc.svg
[debug] [2025-06-18T18:08:50.629Z] [unzip] else mkdir: /home/moonwalker/.cache/firebase/emulators/ui-v1.15.0/client/assets/provider-icons
[debug] [2025-06-18T18:08:50.629Z] [unzip] deflating: /home/moonwalker/.cache/firebase/emulators/ui-v1.15.0/client/assets/provider-icons/auth_service_oidc.svg
[debug] [2025-06-18T18:08:50.631Z] [unzip] Entry: client/browserconfig.xml (compressed_size=491 bytes, uncompressed_size=822 bytes)
[debug] [2025-06-18T18:08:50.631Z] [unzip] Processing entry: client/browserconfig.xml
[debug] [2025-06-18T18:08:50.631Z] [unzip] else mkdir: /home/moonwalker/.cache/firebase/emulators/ui-v1.15.0/client
[debug] [2025-06-18T18:08:50.631Z] [unzip] deflating: /home/moonwalker/.cache/firebase/emulators/ui-v1.15.0/client/browserconfig.xml
[debug] [2025-06-18T18:08:50.632Z] [unzip] Entry: client/favicon-32x32.png (compressed_size=475 bytes, uncompressed_size=475 bytes)
[debug] [2025-06-18T18:08:50.632Z] [unzip] Processing entry: client/favicon-32x32.png
[debug] [2025-06-18T18:08:50.632Z] [unzip] else mkdir: /home/moonwalker/.cache/firebase/emulators/ui-v1.15.0/client
[debug] [2025-06-18T18:08:50.633Z] [unzip] Writing file: /home/moonwalker/.cache/firebase/emulators/ui-v1.15.0/client/favicon-32x32.png
[debug] [2025-06-18T18:08:50.633Z] [unzip] Entry: server/ (compressed_size=0 bytes, uncompressed_size=0 bytes)
[debug] [2025-06-18T18:08:50.633Z] [unzip] Processing entry: server/
[debug] [2025-06-18T18:08:50.633Z] [unzip] mkdir: /home/moonwalker/.cache/firebase/emulators/ui-v1.15.0/server/
[debug] [2025-06-18T18:08:50.634Z] [unzip] Entry: server/server.mjs.map (compressed_size=217845 bytes, uncompressed_size=944978 bytes)
[debug] [2025-06-18T18:08:50.634Z] [unzip] Processing entry: server/server.mjs.map
[debug] [2025-06-18T18:08:50.634Z] [unzip] else mkdir: /home/moonwalker/.cache/firebase/emulators/ui-v1.15.0/server
[debug] [2025-06-18T18:08:50.635Z] [unzip] deflating: /home/moonwalker/.cache/firebase/emulators/ui-v1.15.0/server/server.mjs.map
[debug] [2025-06-18T18:08:50.644Z] [unzip] Entry: server/server.mjs (compressed_size=276407 bytes, uncompressed_size=933701 bytes)
[debug] [2025-06-18T18:08:50.644Z] [unzip] Processing entry: server/server.mjs
[debug] [2025-06-18T18:08:50.644Z] [unzip] else mkdir: /home/moonwalker/.cache/firebase/emulators/ui-v1.15.0/server
[debug] [2025-06-18T18:08:50.644Z] [unzip] deflating: /home/moonwalker/.cache/firebase/emulators/ui-v1.15.0/server/server.mjs
[debug] [2025-06-18T20:24:22.682Z] ExitPromptError: User force closed the prompt with SIGINT
    at Interface.sigint (/home/moonwalker/.nvm/versions/node/v22.16.0/lib/node_modules/firebase-tools/node_modules/@inquirer/core/dist/commonjs/lib/create-prompt.js:101:37)
    at Interface.emit (node:events:518:28)
    at Interface.emit (node:domain:489:12)
    at [_ttyWrite] [as _ttyWrite] (node:internal/readline/interface:1128:18)
    at ReadStream.onkeypress (node:internal/readline/interface:267:20)
    at ReadStream.emit (node:events:530:35)
    at ReadStream.emit (node:domain:489:12)
    at emitKeys (node:internal/readline/utils:370:14)
    at emitKeys.next (<anonymous>)
    at ReadStream.onData (node:internal/readline/emitKeypressEvents:64:36)
[error] 
[error] Error: An unexpected error has occurred.
